2021-07-03 10:32:00.630 [info] <0.44.0> Application lager started on node nonode@nohost
2021-07-03 10:32:00.641 [info] <0.44.0> Application jsx started on node nonode@nohost
2021-07-03 10:32:00.641 [info] <0.44.0> Application recon started on node nonode@nohost
2021-07-03 10:32:00.667 [info] <0.44.0> Application credentials_obfuscation started on node nonode@nohost
2021-07-03 10:32:00.667 [info] <0.44.0> Application rabbit_common started on node nonode@nohost
2021-07-03 10:32:00.708 [info] <0.44.0> Application amqp_client started on node nonode@nohost
2021-07-03 10:34:15.934 [info] <0.44.0> Application lager started on node nonode@nohost
2021-07-03 10:34:15.940 [info] <0.44.0> Application xmerl started on node nonode@nohost
2021-07-03 10:34:15.945 [info] <0.44.0> Application sasl started on node nonode@nohost
2021-07-03 10:34:15.946 [info] <0.44.0> Application tools started on node nonode@nohost
2021-07-03 10:34:15.946 [info] <0.44.0> Application jsx started on node nonode@nohost
2021-07-03 10:34:15.946 [info] <0.44.0> Application recon started on node nonode@nohost
2021-07-03 10:34:16.022 [info] <0.44.0> Application credentials_obfuscation started on node nonode@nohost
2021-07-03 10:34:16.022 [info] <0.44.0> Application rabbit_common started on node nonode@nohost
2021-07-03 10:34:16.041 [info] <0.44.0> Application amqp_client started on node nonode@nohost
2021-07-03 10:34:16.041 [info] <0.44.0> Application amqp started on node nonode@nohost
2021-07-03 10:34:16.042 [info] <0.44.0> Application json started on node nonode@nohost
2021-07-03 10:34:16.126 [info] <0.44.0> Application cz_user started on node nonode@nohost
2021-07-03 10:34:53.035 [info] <0.44.0> Application lager started on node nonode@nohost
2021-07-03 10:34:53.042 [info] <0.44.0> Application xmerl started on node nonode@nohost
2021-07-03 10:34:53.051 [info] <0.44.0> Application sasl started on node nonode@nohost
2021-07-03 10:34:53.051 [info] <0.44.0> Application tools started on node nonode@nohost
2021-07-03 10:34:53.051 [info] <0.44.0> Application jsx started on node nonode@nohost
2021-07-03 10:34:53.052 [info] <0.44.0> Application recon started on node nonode@nohost
2021-07-03 10:34:53.161 [info] <0.44.0> Application credentials_obfuscation started on node nonode@nohost
2021-07-03 10:34:53.161 [info] <0.44.0> Application rabbit_common started on node nonode@nohost
2021-07-03 10:34:53.176 [info] <0.44.0> Application amqp_client started on node nonode@nohost
2021-07-03 10:34:53.188 [info] <0.44.0> Application amqp started on node nonode@nohost
2021-07-03 10:34:53.188 [info] <0.44.0> Application json started on node nonode@nohost
2021-07-03 10:34:53.310 [info] <0.44.0> Application cz_user started on node nonode@nohost
2021-07-03 10:36:49.506 [error] emulator Error in process <0.8236.0> with exit value:
{#{'__exception__' => true,'__struct__' => 'Elixir.Mix.Error',message => <<"Application configuration returned from application/0 should be a keyword list">>,mix => true},[{'Elixir.Mix',raise,1,[{file,"lib/mix.ex"},{line,436}]},{'Elixir.Mix.Tasks.Compile.App',merge_project_application,2,[{file,"lib/mix/tasks/compile.app.ex"},{line,223}]},{'Elixir.Mix.Tasks.Compile.App',run,1,[{file,"lib/mix/tasks/compile.app.ex"},{line,156}]},{'Elixir.Mix.Task',run_task,3,[{file,"lib/mix/task.ex"},{line,394}]},{'Elixir.Mix.Tasks.Compile.All',run_compiler,2,[{file,"lib/mix/tasks/compile.all.ex"},{line,90}]},{'Elixir.Mix.Tasks.Compile.All',compile,4,[{file,"lib/mix/tasks/compile.all.ex"},{line,70}]},{'Elixir.Mix.Tasks.Compile.All',with_logger_app,2,[{file,"lib/mix/tasks/compile.all.ex"},{line,57}]},{'Elixir.Mix.Tasks.Compile.All',run,1,[{file,"lib/mix/tasks/compile.all.ex"},{line,35}]}]}
2021-07-03 10:37:15.726 [info] <0.44.0> Application lager started on node nonode@nohost
2021-07-03 10:37:15.730 [info] <0.44.0> Application xmerl started on node nonode@nohost
2021-07-03 10:37:15.735 [info] <0.44.0> Application sasl started on node nonode@nohost
2021-07-03 10:37:15.735 [info] <0.44.0> Application tools started on node nonode@nohost
2021-07-03 10:37:15.735 [info] <0.44.0> Application jsx started on node nonode@nohost
2021-07-03 10:37:15.735 [info] <0.44.0> Application recon started on node nonode@nohost
2021-07-03 10:37:15.806 [info] <0.44.0> Application credentials_obfuscation started on node nonode@nohost
2021-07-03 10:37:15.806 [info] <0.44.0> Application rabbit_common started on node nonode@nohost
2021-07-03 10:37:15.822 [info] <0.44.0> Application amqp_client started on node nonode@nohost
2021-07-03 10:37:15.826 [info] <0.44.0> Application amqp started on node nonode@nohost
2021-07-03 10:37:15.853 [error] <0.440.0>@Elixir.GenServer:call Supervisor 'Elixir.CzUser.Repo' had child 'Elixir.DBConnection.ConnectionPool' started with 'Elixir.Ecto.Repo.Supervisor':start_child({'Elixir.DBConnection.ConnectionPool',start_link,[{'Elixir.Postgrex.Protocol',[{types,'Elixir.Postgrex.DefaultTypes'},...]}]}, 'Elixir.CzUser.Repo', 'Elixir.Ecto.Adapters.Postgres', #{cache => #Ref<0.2983352941.4165337091.23039>,opts => [{timeout,15000},{pool_size,10},{pool,'Elixir.DBConnection.ConnectionPool'}],...}) at undefined exit with reason no such process or port in call to 'Elixir.GenServer':call('Elixir.DBConnection.Watcher', {watch,'Elixir.DBConnection.ConnectionPool.Supervisor',{'Elixir.DBConnection.ConnectionPool.Pool',...}}, infinity) in context start_error
2021-07-03 10:37:54.675 [info] <0.44.0> Application lager started on node nonode@nohost
2021-07-03 10:37:54.682 [info] <0.44.0> Application xmerl started on node nonode@nohost
2021-07-03 10:37:54.689 [info] <0.44.0> Application sasl started on node nonode@nohost
2021-07-03 10:37:54.689 [info] <0.44.0> Application tools started on node nonode@nohost
2021-07-03 10:37:54.689 [info] <0.44.0> Application jsx started on node nonode@nohost
2021-07-03 10:37:54.689 [info] <0.44.0> Application recon started on node nonode@nohost
2021-07-03 10:37:54.758 [info] <0.44.0> Application credentials_obfuscation started on node nonode@nohost
2021-07-03 10:37:54.758 [info] <0.44.0> Application rabbit_common started on node nonode@nohost
2021-07-03 10:37:54.771 [info] <0.44.0> Application amqp_client started on node nonode@nohost
2021-07-03 10:37:54.777 [info] <0.44.0> Application amqp started on node nonode@nohost
2021-07-03 10:37:54.777 [info] <0.44.0> Application decimal started on node nonode@nohost
2021-07-03 10:37:54.782 [info] <0.44.0> Application ecto started on node nonode@nohost
2021-07-03 10:37:54.784 [info] <0.44.0> Application phoenix_ecto started on node nonode@nohost
2021-07-03 10:37:54.784 [info] <0.44.0> Application connection started on node nonode@nohost
2021-07-03 10:37:54.803 [info] <0.44.0> Application db_connection started on node nonode@nohost
2021-07-03 10:37:54.808 [info] <0.44.0> Application ecto_sql started on node nonode@nohost
2021-07-03 10:37:54.824 [info] <0.44.0> Application postgrex started on node nonode@nohost
2021-07-03 10:37:54.824 [info] <0.44.0> Application phoenix_html started on node nonode@nohost
2021-07-03 10:37:54.827 [info] <0.44.0> Application phoenix_live_view started on node nonode@nohost
2021-07-03 10:37:54.827 [info] <0.44.0> Application telemetry_metrics started on node nonode@nohost
2021-07-03 10:37:54.834 [info] <0.44.0> Application phoenix_live_dashboard started on node nonode@nohost
2021-07-03 10:37:54.844 [info] <0.44.0> Application telemetry_poller started on node nonode@nohost
2021-07-03 10:37:54.845 [info] <0.44.0> Application jason started on node nonode@nohost
2021-07-03 10:37:54.845 [info] <0.44.0> Application cowlib started on node nonode@nohost
2021-07-03 10:37:54.856 [info] <0.44.0> Application ranch started on node nonode@nohost
2021-07-03 10:37:54.866 [info] <0.44.0> Application cowboy started on node nonode@nohost
2021-07-03 10:37:54.867 [info] <0.44.0> Application cowboy_telemetry started on node nonode@nohost
2021-07-03 10:37:54.870 [info] <0.44.0> Application plug_cowboy started on node nonode@nohost
2021-07-03 10:37:54.870 [info] <0.44.0> Application json started on node nonode@nohost
2021-07-03 10:37:54.965 [info] <0.44.0> Application cz_user started on node nonode@nohost
2021-07-03 10:39:16.621 [info] <0.44.0> Application logger started on node nonode@nohost
2021-07-03 10:39:16.628 [info] <0.44.0> Application runtime_tools started on node nonode@nohost
2021-07-03 10:39:16.628 [info] <0.44.0> Application xmerl started on node nonode@nohost
2021-07-03 10:39:16.647 [info] <0.44.0> Application sasl started on node nonode@nohost
2021-07-03 10:39:16.647 [info] <0.44.0> Application tools started on node nonode@nohost
2021-07-03 10:39:16.647 [info] <0.44.0> Application jsx started on node nonode@nohost
2021-07-03 10:39:16.648 [info] <0.44.0> Application recon started on node nonode@nohost
2021-07-03 10:39:16.713 [info] <0.44.0> Application credentials_obfuscation started on node nonode@nohost
2021-07-03 10:39:16.713 [info] <0.44.0> Application rabbit_common started on node nonode@nohost
2021-07-03 10:39:16.728 [info] <0.44.0> Application amqp_client started on node nonode@nohost
2021-07-03 10:39:16.733 [info] <0.44.0> Application amqp started on node nonode@nohost
2021-07-03 10:39:16.733 [info] <0.44.0> Application decimal started on node nonode@nohost
2021-07-03 10:39:16.743 [info] <0.44.0> Application ecto started on node nonode@nohost
2021-07-03 10:39:16.746 [info] <0.44.0> Application phoenix_ecto started on node nonode@nohost
2021-07-03 10:39:16.746 [info] <0.44.0> Application connection started on node nonode@nohost
2021-07-03 10:39:16.756 [info] <0.44.0> Application db_connection started on node nonode@nohost
2021-07-03 10:39:16.760 [info] <0.44.0> Application ecto_sql started on node nonode@nohost
2021-07-03 10:39:16.780 [info] <0.44.0> Application postgrex started on node nonode@nohost
2021-07-03 10:39:16.780 [info] <0.44.0> Application phoenix_html started on node nonode@nohost
2021-07-03 10:39:16.787 [info] <0.44.0> Application phoenix_live_view started on node nonode@nohost
2021-07-03 10:39:16.787 [info] <0.44.0> Application telemetry_metrics started on node nonode@nohost
2021-07-03 10:39:16.799 [info] <0.44.0> Application phoenix_live_dashboard started on node nonode@nohost
2021-07-03 10:39:16.809 [info] <0.44.0> Application telemetry_poller started on node nonode@nohost
2021-07-03 10:39:16.809 [info] <0.44.0> Application jason started on node nonode@nohost
2021-07-03 10:39:16.810 [info] <0.44.0> Application cowlib started on node nonode@nohost
2021-07-03 10:39:16.830 [info] <0.44.0> Application ranch started on node nonode@nohost
2021-07-03 10:39:16.839 [info] <0.44.0> Application cowboy started on node nonode@nohost
2021-07-03 10:39:16.840 [info] <0.44.0> Application cowboy_telemetry started on node nonode@nohost
2021-07-03 10:39:16.843 [info] <0.44.0> Application plug_cowboy started on node nonode@nohost
2021-07-03 10:39:16.843 [info] <0.44.0> Application json started on node nonode@nohost
2021-07-03 10:39:16.934 [info] <0.44.0> Application cz_user started on node nonode@nohost
2021-07-03 10:40:11.161 [info] <0.44.0> Application logger started on node nonode@nohost
2021-07-03 10:40:11.168 [info] <0.44.0> Application runtime_tools started on node nonode@nohost
2021-07-03 10:40:11.168 [info] <0.44.0> Application xmerl started on node nonode@nohost
2021-07-03 10:40:11.185 [info] <0.44.0> Application sasl started on node nonode@nohost
2021-07-03 10:40:11.185 [info] <0.44.0> Application tools started on node nonode@nohost
2021-07-03 10:40:11.185 [info] <0.44.0> Application jsx started on node nonode@nohost
2021-07-03 10:40:11.186 [info] <0.44.0> Application recon started on node nonode@nohost
2021-07-03 10:40:11.252 [info] <0.44.0> Application credentials_obfuscation started on node nonode@nohost
2021-07-03 10:40:11.253 [info] <0.44.0> Application rabbit_common started on node nonode@nohost
2021-07-03 10:40:11.266 [info] <0.44.0> Application amqp_client started on node nonode@nohost
2021-07-03 10:40:11.274 [info] <0.44.0> Application amqp started on node nonode@nohost
2021-07-03 10:40:11.274 [info] <0.44.0> Application decimal started on node nonode@nohost
2021-07-03 10:40:11.277 [info] <0.44.0> Application ecto started on node nonode@nohost
2021-07-03 10:40:11.279 [info] <0.44.0> Application phoenix_ecto started on node nonode@nohost
2021-07-03 10:40:11.279 [info] <0.44.0> Application connection started on node nonode@nohost
2021-07-03 10:40:11.285 [info] <0.44.0> Application db_connection started on node nonode@nohost
2021-07-03 10:40:11.288 [info] <0.44.0> Application ecto_sql started on node nonode@nohost
2021-07-03 10:40:11.299 [info] <0.44.0> Application postgrex started on node nonode@nohost
2021-07-03 10:40:11.300 [info] <0.44.0> Application phoenix_html started on node nonode@nohost
2021-07-03 10:40:11.302 [info] <0.44.0> Application phoenix_live_view started on node nonode@nohost
2021-07-03 10:40:11.302 [info] <0.44.0> Application telemetry_metrics started on node nonode@nohost
2021-07-03 10:40:11.315 [info] <0.44.0> Application phoenix_live_dashboard started on node nonode@nohost
2021-07-03 10:40:11.330 [info] <0.44.0> Application telemetry_poller started on node nonode@nohost
2021-07-03 10:40:11.330 [info] <0.44.0> Application jason started on node nonode@nohost
2021-07-03 10:40:11.330 [info] <0.44.0> Application cowlib started on node nonode@nohost
2021-07-03 10:40:11.346 [info] <0.44.0> Application ranch started on node nonode@nohost
2021-07-03 10:40:11.354 [info] <0.44.0> Application cowboy started on node nonode@nohost
2021-07-03 10:40:11.355 [info] <0.44.0> Application cowboy_telemetry started on node nonode@nohost
2021-07-03 10:40:11.359 [info] <0.44.0> Application plug_cowboy started on node nonode@nohost
2021-07-03 10:40:11.368 [info] <0.44.0> Application json started on node nonode@nohost
2021-07-03 10:40:11.544 [info] <0.44.0> Application cz_user started on node nonode@nohost
2021-07-03 10:47:27.420 [info] <0.44.0> Application logger started on node nonode@nohost
2021-07-03 10:47:27.430 [info] <0.44.0> Application runtime_tools started on node nonode@nohost
2021-07-03 10:47:27.430 [info] <0.44.0> Application xmerl started on node nonode@nohost
2021-07-03 10:47:27.447 [info] <0.44.0> Application sasl started on node nonode@nohost
2021-07-03 10:47:27.448 [info] <0.44.0> Application tools started on node nonode@nohost
2021-07-03 10:47:27.449 [info] <0.44.0> Application jsx started on node nonode@nohost
2021-07-03 10:47:27.450 [info] <0.44.0> Application recon started on node nonode@nohost
2021-07-03 10:47:27.520 [info] <0.44.0> Application credentials_obfuscation started on node nonode@nohost
2021-07-03 10:47:27.520 [info] <0.44.0> Application rabbit_common started on node nonode@nohost
2021-07-03 10:47:27.535 [info] <0.44.0> Application amqp_client started on node nonode@nohost
2021-07-03 10:47:27.541 [info] <0.44.0> Application amqp started on node nonode@nohost
2021-07-03 10:47:27.542 [info] <0.44.0> Application decimal started on node nonode@nohost
2021-07-03 10:47:27.545 [info] <0.44.0> Application ecto started on node nonode@nohost
2021-07-03 10:47:27.547 [info] <0.44.0> Application phoenix_ecto started on node nonode@nohost
2021-07-03 10:47:27.547 [info] <0.44.0> Application connection started on node nonode@nohost
2021-07-03 10:47:27.554 [info] <0.44.0> Application db_connection started on node nonode@nohost
2021-07-03 10:47:27.558 [info] <0.44.0> Application ecto_sql started on node nonode@nohost
2021-07-03 10:47:27.589 [info] <0.44.0> Application postgrex started on node nonode@nohost
2021-07-03 10:47:27.589 [info] <0.44.0> Application phoenix_html started on node nonode@nohost
2021-07-03 10:47:27.592 [info] <0.44.0> Application phoenix_live_view started on node nonode@nohost
2021-07-03 10:47:27.592 [info] <0.44.0> Application telemetry_metrics started on node nonode@nohost
2021-07-03 10:47:27.597 [info] <0.44.0> Application phoenix_live_dashboard started on node nonode@nohost
2021-07-03 10:47:27.607 [info] <0.44.0> Application telemetry_poller started on node nonode@nohost
2021-07-03 10:47:27.608 [info] <0.44.0> Application jason started on node nonode@nohost
2021-07-03 10:47:27.608 [info] <0.44.0> Application cowlib started on node nonode@nohost
2021-07-03 10:47:27.633 [info] <0.44.0> Application ranch started on node nonode@nohost
2021-07-03 10:47:27.640 [info] <0.44.0> Application cowboy started on node nonode@nohost
2021-07-03 10:47:27.642 [info] <0.44.0> Application cowboy_telemetry started on node nonode@nohost
2021-07-03 10:47:27.647 [info] <0.44.0> Application plug_cowboy started on node nonode@nohost
2021-07-03 10:47:27.647 [info] <0.44.0> Application json started on node nonode@nohost
2021-07-03 10:47:27.800 [info] <0.44.0> Application cz_user started on node nonode@nohost
2021-07-03 11:08:01.802 [info] <0.44.0> Application logger started on node nonode@nohost
2021-07-03 11:08:01.814 [info] <0.44.0> Application runtime_tools started on node nonode@nohost
2021-07-03 11:08:01.814 [info] <0.44.0> Application xmerl started on node nonode@nohost
2021-07-03 11:08:01.857 [info] <0.44.0> Application sasl started on node nonode@nohost
2021-07-03 11:08:01.860 [info] <0.44.0> Application tools started on node nonode@nohost
2021-07-03 11:08:01.860 [info] <0.44.0> Application jsx started on node nonode@nohost
2021-07-03 11:08:01.860 [info] <0.44.0> Application recon started on node nonode@nohost
2021-07-03 11:08:01.966 [info] <0.44.0> Application credentials_obfuscation started on node nonode@nohost
2021-07-03 11:08:01.966 [info] <0.44.0> Application rabbit_common started on node nonode@nohost
2021-07-03 11:08:02.005 [info] <0.44.0> Application amqp_client started on node nonode@nohost
2021-07-03 11:08:02.015 [info] <0.44.0> Application amqp started on node nonode@nohost
2021-07-03 11:08:02.015 [info] <0.44.0> Application decimal started on node nonode@nohost
2021-07-03 11:08:02.035 [info] <0.44.0> Application ecto started on node nonode@nohost
2021-07-03 11:08:02.038 [info] <0.44.0> Application phoenix_ecto started on node nonode@nohost
2021-07-03 11:08:02.039 [info] <0.44.0> Application connection started on node nonode@nohost
2021-07-03 11:08:02.107 [info] <0.44.0> Application db_connection started on node nonode@nohost
2021-07-03 11:08:02.130 [info] <0.44.0> Application ecto_sql started on node nonode@nohost
2021-07-03 11:08:02.273 [info] <0.44.0> Application postgrex started on node nonode@nohost
2021-07-03 11:08:02.273 [info] <0.44.0> Application phoenix_html started on node nonode@nohost
2021-07-03 11:08:02.277 [info] <0.44.0> Application phoenix_live_view started on node nonode@nohost
2021-07-03 11:08:02.277 [info] <0.44.0> Application telemetry_metrics started on node nonode@nohost
2021-07-03 11:08:02.294 [info] <0.44.0> Application phoenix_live_dashboard started on node nonode@nohost
2021-07-03 11:08:02.303 [info] <0.44.0> Application telemetry_poller started on node nonode@nohost
2021-07-03 11:08:02.303 [info] <0.44.0> Application jason started on node nonode@nohost
2021-07-03 11:08:02.303 [info] <0.44.0> Application cowlib started on node nonode@nohost
2021-07-03 11:08:02.320 [info] <0.44.0> Application ranch started on node nonode@nohost
2021-07-03 11:08:02.337 [info] <0.44.0> Application cowboy started on node nonode@nohost
2021-07-03 11:08:02.337 [info] <0.44.0> Application cowboy_telemetry started on node nonode@nohost
2021-07-03 11:08:02.342 [info] <0.44.0> Application plug_cowboy started on node nonode@nohost
2021-07-03 11:08:02.343 [info] <0.44.0> Application json started on node nonode@nohost
2021-07-03 11:08:02.593 [info] <0.44.0> Application cz_user started on node nonode@nohost
2021-07-03 11:17:44.210 [info] <0.44.0> Application logger started on node nonode@nohost
2021-07-03 11:17:44.220 [info] <0.44.0> Application runtime_tools started on node nonode@nohost
2021-07-03 11:17:44.220 [info] <0.44.0> Application xmerl started on node nonode@nohost
2021-07-03 11:17:44.243 [info] <0.44.0> Application sasl started on node nonode@nohost
2021-07-03 11:17:44.244 [info] <0.44.0> Application tools started on node nonode@nohost
2021-07-03 11:17:44.244 [info] <0.44.0> Application jsx started on node nonode@nohost
2021-07-03 11:17:44.244 [info] <0.44.0> Application recon started on node nonode@nohost
2021-07-03 11:17:44.307 [info] <0.44.0> Application credentials_obfuscation started on node nonode@nohost
2021-07-03 11:17:44.308 [info] <0.44.0> Application rabbit_common started on node nonode@nohost
2021-07-03 11:17:44.320 [info] <0.44.0> Application amqp_client started on node nonode@nohost
2021-07-03 11:17:44.330 [info] <0.44.0> Application amqp started on node nonode@nohost
2021-07-03 11:17:44.331 [info] <0.44.0> Application decimal started on node nonode@nohost
2021-07-03 11:17:44.335 [info] <0.44.0> Application ecto started on node nonode@nohost
2021-07-03 11:17:44.337 [info] <0.44.0> Application phoenix_ecto started on node nonode@nohost
2021-07-03 11:17:44.338 [info] <0.44.0> Application connection started on node nonode@nohost
2021-07-03 11:17:44.348 [info] <0.44.0> Application db_connection started on node nonode@nohost
2021-07-03 11:17:44.349 [info] <0.44.0> Application ecto_sql started on node nonode@nohost
2021-07-03 11:17:44.363 [info] <0.44.0> Application postgrex started on node nonode@nohost
2021-07-03 11:17:44.363 [info] <0.44.0> Application phoenix_html started on node nonode@nohost
2021-07-03 11:17:44.365 [info] <0.44.0> Application phoenix_live_view started on node nonode@nohost
2021-07-03 11:17:44.365 [info] <0.44.0> Application telemetry_metrics started on node nonode@nohost
2021-07-03 11:17:44.372 [info] <0.44.0> Application phoenix_live_dashboard started on node nonode@nohost
2021-07-03 11:17:44.379 [info] <0.44.0> Application telemetry_poller started on node nonode@nohost
2021-07-03 11:17:44.380 [info] <0.44.0> Application jason started on node nonode@nohost
2021-07-03 11:17:44.380 [info] <0.44.0> Application cowlib started on node nonode@nohost
2021-07-03 11:17:44.411 [info] <0.44.0> Application ranch started on node nonode@nohost
2021-07-03 11:17:44.415 [info] <0.44.0> Application cowboy started on node nonode@nohost
2021-07-03 11:17:44.415 [info] <0.44.0> Application cowboy_telemetry started on node nonode@nohost
2021-07-03 11:17:44.418 [info] <0.44.0> Application plug_cowboy started on node nonode@nohost
2021-07-03 11:17:44.418 [info] <0.44.0> Application json started on node nonode@nohost
2021-07-03 11:17:44.535 [info] <0.44.0> Application cz_user started on node nonode@nohost
2021-07-03 11:31:21.223 [error] emulator Error in process <0.16062.0> with exit value:
{function_clause,[{'Elixir.ElixirLS.LanguageServer.Providers.DocumentSymbols',build_symbol_information_hierarchical,[<<"file:///home/emoura/Workspace/covid-zone/cz_user_tests/cz_user/config/config.exs">>,nil],[{file,"lib/language_server/providers/document_symbols.ex"},{line,285}]},{'Elixir.Enum','-map/2-lists^map/1-0-',2,[{file,"lib/enum.ex"},{line,1411}]},{'Elixir.Enum','-map/2-lists^map/1-0-',2,[{file,"lib/enum.ex"},{line,1411}]},{'Elixir.ElixirLS.LanguageServer.Providers.DocumentSymbols',symbols,3,[{file,"lib/language_server/providers/document_symbols.ex"},{line,28}]},{'Elixir.ElixirLS.LanguageServer.Server','-handle_request_async/2-fun-0-',3,[{file,"lib/language_server/server.ex"},{line,770}]}]}
2021-07-03 11:31:35.176 [error] emulator Error in process <0.16068.0> with exit value:
{function_clause,[{'Elixir.ElixirLS.LanguageServer.Providers.DocumentSymbols',build_symbol_information_hierarchical,[<<"file:///home/emoura/Workspace/covid-zone/cz_user_tests/cz_user/config/config.exs">>,nil],[{file,"lib/language_server/providers/document_symbols.ex"},{line,285}]},{'Elixir.Enum','-map/2-lists^map/1-0-',2,[{file,"lib/enum.ex"},{line,1411}]},{'Elixir.Enum','-map/2-lists^map/1-0-',2,[{file,"lib/enum.ex"},{line,1411}]},{'Elixir.ElixirLS.LanguageServer.Providers.DocumentSymbols',symbols,3,[{file,"lib/language_server/providers/document_symbols.ex"},{line,28}]},{'Elixir.ElixirLS.LanguageServer.Server','-handle_request_async/2-fun-0-',3,[{file,"lib/language_server/server.ex"},{line,770}]}]}
2021-07-03 11:31:59.713 [error] emulator Error in process <0.16076.0> with exit value:
{function_clause,[{'Elixir.ElixirLS.LanguageServer.Providers.DocumentSymbols',build_symbol_information_hierarchical,[<<"file:///home/emoura/Workspace/covid-zone/cz_user_tests/cz_user/config/config.exs">>,nil],[{file,"lib/language_server/providers/document_symbols.ex"},{line,285}]},{'Elixir.Enum','-map/2-lists^map/1-0-',2,[{file,"lib/enum.ex"},{line,1411}]},{'Elixir.Enum','-map/2-lists^map/1-0-',2,[{file,"lib/enum.ex"},{line,1411}]},{'Elixir.ElixirLS.LanguageServer.Providers.DocumentSymbols',symbols,3,[{file,"lib/language_server/providers/document_symbols.ex"},{line,28}]},{'Elixir.ElixirLS.LanguageServer.Server','-handle_request_async/2-fun-0-',3,[{file,"lib/language_server/server.ex"},{line,770}]}]}
2021-07-03 11:32:00.948 [error] emulator Error in process <0.16080.0> with exit value:
{function_clause,[{'Elixir.ElixirLS.LanguageServer.Providers.DocumentSymbols',build_symbol_information_hierarchical,[<<"file:///home/emoura/Workspace/covid-zone/cz_user_tests/cz_user/config/config.exs">>,nil],[{file,"lib/language_server/providers/document_symbols.ex"},{line,285}]},{'Elixir.Enum','-map/2-lists^map/1-0-',2,[{file,"lib/enum.ex"},{line,1411}]},{'Elixir.Enum','-map/2-lists^map/1-0-',2,[{file,"lib/enum.ex"},{line,1411}]},{'Elixir.ElixirLS.LanguageServer.Providers.DocumentSymbols',symbols,3,[{file,"lib/language_server/providers/document_symbols.ex"},{line,28}]},{'Elixir.ElixirLS.LanguageServer.Server','-handle_request_async/2-fun-0-',3,[{file,"lib/language_server/server.ex"},{line,770}]}]}
2021-07-03 11:32:05.236 [error] emulator Error in process <0.16090.0> with exit value:
{function_clause,[{'Elixir.ElixirLS.LanguageServer.Providers.DocumentSymbols',build_symbol_information_hierarchical,[<<"file:///home/emoura/Workspace/covid-zone/cz_user_tests/cz_user/config/config.exs">>,nil],[{file,"lib/language_server/providers/document_symbols.ex"},{line,285}]},{'Elixir.Enum','-map/2-lists^map/1-0-',2,[{file,"lib/enum.ex"},{line,1411}]},{'Elixir.Enum','-map/2-lists^map/1-0-',2,[{file,"lib/enum.ex"},{line,1411}]},{'Elixir.ElixirLS.LanguageServer.Providers.DocumentSymbols',symbols,3,[{file,"lib/language_server/providers/document_symbols.ex"},{line,28}]},{'Elixir.ElixirLS.LanguageServer.Server','-handle_request_async/2-fun-0-',3,[{file,"lib/language_server/server.ex"},{line,770}]}]}
2021-07-03 11:32:06.299 [error] emulator Error in process <0.16094.0> with exit value:
{function_clause,[{'Elixir.ElixirLS.LanguageServer.Providers.DocumentSymbols',build_symbol_information_hierarchical,[<<"file:///home/emoura/Workspace/covid-zone/cz_user_tests/cz_user/config/config.exs">>,nil],[{file,"lib/language_server/providers/document_symbols.ex"},{line,285}]},{'Elixir.Enum','-map/2-lists^map/1-0-',2,[{file,"lib/enum.ex"},{line,1411}]},{'Elixir.Enum','-map/2-lists^map/1-0-',2,[{file,"lib/enum.ex"},{line,1411}]},{'Elixir.ElixirLS.LanguageServer.Providers.DocumentSymbols',symbols,3,[{file,"lib/language_server/providers/document_symbols.ex"},{line,28}]},{'Elixir.ElixirLS.LanguageServer.Server','-handle_request_async/2-fun-0-',3,[{file,"lib/language_server/server.ex"},{line,770}]}]}
2021-07-03 11:32:07.487 [error] emulator Error in process <0.16099.0> with exit value:
{function_clause,[{'Elixir.ElixirLS.LanguageServer.Providers.DocumentSymbols',build_symbol_information_hierarchical,[<<"file:///home/emoura/Workspace/covid-zone/cz_user_tests/cz_user/config/config.exs">>,nil],[{file,"lib/language_server/providers/document_symbols.ex"},{line,285}]},{'Elixir.Enum','-map/2-lists^map/1-0-',2,[{file,"lib/enum.ex"},{line,1411}]},{'Elixir.Enum','-map/2-lists^map/1-0-',2,[{file,"lib/enum.ex"},{line,1411}]},{'Elixir.ElixirLS.LanguageServer.Providers.DocumentSymbols',symbols,3,[{file,"lib/language_server/providers/document_symbols.ex"},{line,28}]},{'Elixir.ElixirLS.LanguageServer.Server','-handle_request_async/2-fun-0-',3,[{file,"lib/language_server/server.ex"},{line,770}]}]}
2021-07-03 11:32:27.368 [error] emulator Error in process <0.16121.0> with exit value:
{function_clause,[{'Elixir.Config',config,[cz_user,'Elixir.CzUser.Repo'],[{file,"lib/config.ex"},{line,119}]},{erl_eval,do_apply,6,[{file,"erl_eval.erl"},{line,680}]},{elixir,recur_eval,3,[{file,"src/elixir.erl"},{line,280}]},{elixir,eval_forms,3,[{file,"src/elixir.erl"},{line,265}]},{'Elixir.Code',eval_string_with_error_handling,3,[{file,"lib/code.ex"},{line,341}]},{'Elixir.Config','__eval__!',3,[{file,"lib/config.ex"},{line,255}]},{'Elixir.Mix.Tasks.Loadconfig',load_compile,1,[{file,"lib/mix/tasks/loadconfig.ex"},{line,49}]},{'Elixir.Mix.Task',run_task,3,[{file,"lib/mix/task.ex"},{line,394}]}]}
2021-07-03 11:37:15.090 [error] emulator Error in process <0.16829.0> with exit value:
{#{'__exception__' => true,'__struct__' => 'Elixir.SyntaxError',column => 2,description => <<"syntax error before: migration_foreign_key">>,file => <<"/home/emoura/Workspace/covid-zone/cz_user_tests/cz_user/config/config.exs">>,line => 15},[{'Elixir.Code',eval_string_with_error_handling,3,[{file,"lib/code.ex"},{line,340}]},{'Elixir.Config','__eval__!',3,[{file,"lib/config.ex"},{line,255}]},{'Elixir.Mix.Tasks.Loadconfig',load_compile,1,[{file,"lib/mix/tasks/loadconfig.ex"},{line,49}]},{'Elixir.Mix.Task',run_task,3,[{file,"lib/mix/task.ex"},{line,394}]},{'Elixir.ElixirLS.LanguageServer.Build',reload_project,0,[{file,"lib/language_server/build.ex"},{line,157}]},{'Elixir.ElixirLS.LanguageServer.Build','-build/3-fun-0-',3,[{file,"lib/language_server/build.ex"},{line,16}]},{timer,tc,1,[{file,"timer.erl"},{line,166}]}]}
2021-07-03 11:40:20.726 [info] <0.44.0> Application logger started on node nonode@nohost
2021-07-03 11:40:20.734 [info] <0.44.0> Application runtime_tools started on node nonode@nohost
2021-07-03 11:40:20.734 [info] <0.44.0> Application xmerl started on node nonode@nohost
2021-07-03 11:40:20.752 [info] <0.44.0> Application sasl started on node nonode@nohost
2021-07-03 11:40:20.752 [info] <0.44.0> Application tools started on node nonode@nohost
2021-07-03 11:40:20.752 [info] <0.44.0> Application jsx started on node nonode@nohost
2021-07-03 11:40:20.752 [info] <0.44.0> Application recon started on node nonode@nohost
2021-07-03 11:40:20.820 [info] <0.44.0> Application credentials_obfuscation started on node nonode@nohost
2021-07-03 11:40:20.820 [info] <0.44.0> Application rabbit_common started on node nonode@nohost
2021-07-03 11:40:20.838 [info] <0.44.0> Application amqp_client started on node nonode@nohost
2021-07-03 11:40:20.845 [info] <0.44.0> Application amqp started on node nonode@nohost
2021-07-03 11:40:20.845 [info] <0.44.0> Application decimal started on node nonode@nohost
2021-07-03 11:40:20.848 [info] <0.44.0> Application ecto started on node nonode@nohost
2021-07-03 11:40:20.850 [info] <0.44.0> Application phoenix_ecto started on node nonode@nohost
2021-07-03 11:40:20.850 [info] <0.44.0> Application connection started on node nonode@nohost
2021-07-03 11:40:20.856 [info] <0.44.0> Application db_connection started on node nonode@nohost
2021-07-03 11:40:20.859 [info] <0.44.0> Application ecto_sql started on node nonode@nohost
2021-07-03 11:40:20.874 [info] <0.44.0> Application postgrex started on node nonode@nohost
2021-07-03 11:40:20.874 [info] <0.44.0> Application phoenix_html started on node nonode@nohost
2021-07-03 11:40:20.877 [info] <0.44.0> Application phoenix_live_view started on node nonode@nohost
2021-07-03 11:40:20.877 [info] <0.44.0> Application telemetry_metrics started on node nonode@nohost
2021-07-03 11:40:20.887 [info] <0.44.0> Application phoenix_live_dashboard started on node nonode@nohost
2021-07-03 11:40:20.901 [info] <0.44.0> Application telemetry_poller started on node nonode@nohost
2021-07-03 11:40:20.901 [info] <0.44.0> Application jason started on node nonode@nohost
2021-07-03 11:40:20.901 [info] <0.44.0> Application cowlib started on node nonode@nohost
2021-07-03 11:40:20.912 [info] <0.44.0> Application ranch started on node nonode@nohost
2021-07-03 11:40:20.917 [info] <0.44.0> Application cowboy started on node nonode@nohost
2021-07-03 11:40:20.917 [info] <0.44.0> Application cowboy_telemetry started on node nonode@nohost
2021-07-03 11:40:20.924 [info] <0.44.0> Application plug_cowboy started on node nonode@nohost
2021-07-03 11:40:20.925 [info] <0.44.0> Application json started on node nonode@nohost
2021-07-03 11:40:21.073 [info] <0.44.0> Application cz_user started on node nonode@nohost
2021-07-03 11:42:38.553 [info] <0.44.0> Application logger started on node nonode@nohost
2021-07-03 11:42:38.560 [info] <0.44.0> Application runtime_tools started on node nonode@nohost
2021-07-03 11:42:38.560 [info] <0.44.0> Application xmerl started on node nonode@nohost
2021-07-03 11:42:38.581 [info] <0.44.0> Application sasl started on node nonode@nohost
2021-07-03 11:42:38.582 [info] <0.44.0> Application tools started on node nonode@nohost
2021-07-03 11:42:38.582 [info] <0.44.0> Application jsx started on node nonode@nohost
2021-07-03 11:42:38.582 [info] <0.44.0> Application recon started on node nonode@nohost
2021-07-03 11:42:38.666 [info] <0.44.0> Application credentials_obfuscation started on node nonode@nohost
2021-07-03 11:42:38.667 [info] <0.44.0> Application rabbit_common started on node nonode@nohost
2021-07-03 11:42:38.686 [info] <0.44.0> Application amqp_client started on node nonode@nohost
2021-07-03 11:42:38.691 [info] <0.44.0> Application amqp started on node nonode@nohost
2021-07-03 11:42:38.691 [info] <0.44.0> Application decimal started on node nonode@nohost
2021-07-03 11:42:38.694 [info] <0.44.0> Application ecto started on node nonode@nohost
2021-07-03 11:42:38.697 [info] <0.44.0> Application phoenix_ecto started on node nonode@nohost
2021-07-03 11:42:38.697 [info] <0.44.0> Application connection started on node nonode@nohost
2021-07-03 11:42:38.704 [info] <0.44.0> Application db_connection started on node nonode@nohost
2021-07-03 11:42:38.707 [info] <0.44.0> Application ecto_sql started on node nonode@nohost
2021-07-03 11:42:38.728 [info] <0.44.0> Application postgrex started on node nonode@nohost
2021-07-03 11:42:38.728 [info] <0.44.0> Application phoenix_html started on node nonode@nohost
2021-07-03 11:42:38.731 [info] <0.44.0> Application phoenix_live_view started on node nonode@nohost
2021-07-03 11:42:38.731 [info] <0.44.0> Application telemetry_metrics started on node nonode@nohost
2021-07-03 11:42:38.745 [info] <0.44.0> Application phoenix_live_dashboard started on node nonode@nohost
2021-07-03 11:42:38.755 [info] <0.44.0> Application telemetry_poller started on node nonode@nohost
2021-07-03 11:42:38.755 [info] <0.44.0> Application jason started on node nonode@nohost
2021-07-03 11:42:38.756 [info] <0.44.0> Application cowlib started on node nonode@nohost
2021-07-03 11:42:38.786 [info] <0.44.0> Application ranch started on node nonode@nohost
2021-07-03 11:42:38.791 [info] <0.44.0> Application cowboy started on node nonode@nohost
2021-07-03 11:42:38.792 [info] <0.44.0> Application cowboy_telemetry started on node nonode@nohost
2021-07-03 11:42:38.794 [info] <0.44.0> Application plug_cowboy started on node nonode@nohost
2021-07-03 11:42:38.794 [info] <0.44.0> Application json started on node nonode@nohost
2021-07-03 11:42:38.907 [info] <0.44.0> Application cz_user started on node nonode@nohost
2021-07-03 11:43:17.330 [info] <0.44.0> Application logger started on node nonode@nohost
2021-07-03 11:43:17.337 [info] <0.44.0> Application runtime_tools started on node nonode@nohost
2021-07-03 11:43:17.337 [info] <0.44.0> Application xmerl started on node nonode@nohost
2021-07-03 11:43:17.358 [info] <0.44.0> Application sasl started on node nonode@nohost
2021-07-03 11:43:17.359 [info] <0.44.0> Application tools started on node nonode@nohost
2021-07-03 11:43:17.359 [info] <0.44.0> Application jsx started on node nonode@nohost
2021-07-03 11:43:17.359 [info] <0.44.0> Application recon started on node nonode@nohost
2021-07-03 11:43:17.460 [info] <0.44.0> Application credentials_obfuscation started on node nonode@nohost
2021-07-03 11:43:17.465 [info] <0.44.0> Application rabbit_common started on node nonode@nohost
2021-07-03 11:43:17.498 [info] <0.44.0> Application amqp_client started on node nonode@nohost
2021-07-03 11:43:17.504 [info] <0.44.0> Application amqp started on node nonode@nohost
2021-07-03 11:43:17.505 [info] <0.44.0> Application decimal started on node nonode@nohost
2021-07-03 11:43:17.518 [info] <0.44.0> Application ecto started on node nonode@nohost
2021-07-03 11:43:17.521 [info] <0.44.0> Application phoenix_ecto started on node nonode@nohost
2021-07-03 11:43:17.521 [info] <0.44.0> Application connection started on node nonode@nohost
2021-07-03 11:43:17.572 [info] <0.44.0> Application db_connection started on node nonode@nohost
2021-07-03 11:43:17.585 [info] <0.44.0> Application ecto_sql started on node nonode@nohost
2021-07-03 11:43:17.649 [info] <0.44.0> Application postgrex started on node nonode@nohost
2021-07-03 11:43:17.649 [info] <0.44.0> Application phoenix_html started on node nonode@nohost
2021-07-03 11:43:17.652 [info] <0.44.0> Application phoenix_live_view started on node nonode@nohost
2021-07-03 11:43:17.652 [info] <0.44.0> Application telemetry_metrics started on node nonode@nohost
2021-07-03 11:43:17.666 [info] <0.44.0> Application phoenix_live_dashboard started on node nonode@nohost
2021-07-03 11:43:17.712 [info] <0.44.0> Application telemetry_poller started on node nonode@nohost
2021-07-03 11:43:17.712 [info] <0.44.0> Application jason started on node nonode@nohost
2021-07-03 11:43:17.713 [info] <0.44.0> Application cowlib started on node nonode@nohost
2021-07-03 11:43:17.773 [info] <0.44.0> Application ranch started on node nonode@nohost
2021-07-03 11:43:17.832 [info] <0.44.0> Application cowboy started on node nonode@nohost
2021-07-03 11:43:17.832 [info] <0.44.0> Application cowboy_telemetry started on node nonode@nohost
2021-07-03 11:43:17.837 [info] <0.44.0> Application plug_cowboy started on node nonode@nohost
2021-07-03 11:43:17.838 [info] <0.44.0> Application json started on node nonode@nohost
2021-07-03 11:43:18.129 [info] <0.44.0> Application cz_user started on node nonode@nohost
2021-07-03 11:47:06.297 [info] <0.44.0> Application logger started on node nonode@nohost
2021-07-03 11:47:06.305 [info] <0.44.0> Application runtime_tools started on node nonode@nohost
2021-07-03 11:47:06.305 [info] <0.44.0> Application xmerl started on node nonode@nohost
2021-07-03 11:47:06.326 [info] <0.44.0> Application sasl started on node nonode@nohost
2021-07-03 11:47:06.326 [info] <0.44.0> Application tools started on node nonode@nohost
2021-07-03 11:47:06.326 [info] <0.44.0> Application jsx started on node nonode@nohost
2021-07-03 11:47:06.327 [info] <0.44.0> Application recon started on node nonode@nohost
2021-07-03 11:47:06.418 [info] <0.44.0> Application credentials_obfuscation started on node nonode@nohost
2021-07-03 11:47:06.418 [info] <0.44.0> Application rabbit_common started on node nonode@nohost
2021-07-03 11:47:06.449 [info] <0.44.0> Application amqp_client started on node nonode@nohost
2021-07-03 11:47:06.457 [info] <0.44.0> Application amqp started on node nonode@nohost
2021-07-03 11:47:06.458 [info] <0.44.0> Application decimal started on node nonode@nohost
2021-07-03 11:47:06.471 [info] <0.44.0> Application ecto started on node nonode@nohost
2021-07-03 11:47:06.473 [info] <0.44.0> Application phoenix_ecto started on node nonode@nohost
2021-07-03 11:47:06.473 [info] <0.44.0> Application connection started on node nonode@nohost
2021-07-03 11:47:06.493 [info] <0.44.0> Application db_connection started on node nonode@nohost
2021-07-03 11:47:06.500 [info] <0.44.0> Application ecto_sql started on node nonode@nohost
2021-07-03 11:47:06.615 [info] <0.44.0> Application postgrex started on node nonode@nohost
2021-07-03 11:47:06.615 [info] <0.44.0> Application phoenix_html started on node nonode@nohost
2021-07-03 11:47:06.618 [info] <0.44.0> Application phoenix_live_view started on node nonode@nohost
2021-07-03 11:47:06.618 [info] <0.44.0> Application telemetry_metrics started on node nonode@nohost
2021-07-03 11:47:06.637 [info] <0.44.0> Application phoenix_live_dashboard started on node nonode@nohost
2021-07-03 11:47:06.650 [info] <0.44.0> Application telemetry_poller started on node nonode@nohost
2021-07-03 11:47:06.650 [info] <0.44.0> Application jason started on node nonode@nohost
2021-07-03 11:47:06.651 [info] <0.44.0> Application cowlib started on node nonode@nohost
2021-07-03 11:47:06.668 [info] <0.44.0> Application ranch started on node nonode@nohost
2021-07-03 11:47:06.682 [info] <0.44.0> Application cowboy started on node nonode@nohost
2021-07-03 11:47:06.682 [info] <0.44.0> Application cowboy_telemetry started on node nonode@nohost
2021-07-03 11:47:06.685 [info] <0.44.0> Application plug_cowboy started on node nonode@nohost
2021-07-03 11:47:06.685 [info] <0.44.0> Application json started on node nonode@nohost
2021-07-03 11:47:06.833 [info] <0.44.0> Application cz_user started on node nonode@nohost
2021-07-03 11:47:56.304 [info] <0.44.0> Application logger started on node nonode@nohost
2021-07-03 11:47:56.311 [info] <0.44.0> Application runtime_tools started on node nonode@nohost
2021-07-03 11:47:56.311 [info] <0.44.0> Application xmerl started on node nonode@nohost
2021-07-03 11:47:56.327 [info] <0.44.0> Application sasl started on node nonode@nohost
2021-07-03 11:47:56.327 [info] <0.44.0> Application tools started on node nonode@nohost
2021-07-03 11:47:56.327 [info] <0.44.0> Application jsx started on node nonode@nohost
2021-07-03 11:47:56.328 [info] <0.44.0> Application recon started on node nonode@nohost
2021-07-03 11:47:56.391 [info] <0.44.0> Application credentials_obfuscation started on node nonode@nohost
2021-07-03 11:47:56.391 [info] <0.44.0> Application rabbit_common started on node nonode@nohost
2021-07-03 11:47:56.402 [info] <0.44.0> Application amqp_client started on node nonode@nohost
2021-07-03 11:47:56.409 [info] <0.44.0> Application amqp started on node nonode@nohost
2021-07-03 11:47:56.410 [info] <0.44.0> Application decimal started on node nonode@nohost
2021-07-03 11:47:56.415 [info] <0.44.0> Application ecto started on node nonode@nohost
2021-07-03 11:47:56.418 [info] <0.44.0> Application phoenix_ecto started on node nonode@nohost
2021-07-03 11:47:56.420 [info] <0.44.0> Application connection started on node nonode@nohost
2021-07-03 11:47:56.427 [info] <0.44.0> Application db_connection started on node nonode@nohost
2021-07-03 11:47:56.428 [info] <0.44.0> Application ecto_sql started on node nonode@nohost
2021-07-03 11:47:56.443 [info] <0.44.0> Application postgrex started on node nonode@nohost
2021-07-03 11:47:56.443 [info] <0.44.0> Application phoenix_html started on node nonode@nohost
2021-07-03 11:47:56.445 [info] <0.44.0> Application phoenix_live_view started on node nonode@nohost
2021-07-03 11:47:56.445 [info] <0.44.0> Application telemetry_metrics started on node nonode@nohost
2021-07-03 11:47:56.456 [info] <0.44.0> Application phoenix_live_dashboard started on node nonode@nohost
2021-07-03 11:47:56.471 [info] <0.44.0> Application telemetry_poller started on node nonode@nohost
2021-07-03 11:47:56.471 [info] <0.44.0> Application jason started on node nonode@nohost
2021-07-03 11:47:56.475 [info] <0.44.0> Application cowlib started on node nonode@nohost
2021-07-03 11:47:56.490 [info] <0.44.0> Application ranch started on node nonode@nohost
2021-07-03 11:47:56.495 [info] <0.44.0> Application cowboy started on node nonode@nohost
2021-07-03 11:47:56.495 [info] <0.44.0> Application cowboy_telemetry started on node nonode@nohost
2021-07-03 11:47:56.498 [info] <0.44.0> Application plug_cowboy started on node nonode@nohost
2021-07-03 11:47:56.498 [info] <0.44.0> Application json started on node nonode@nohost
2021-07-03 11:47:56.612 [info] <0.44.0> Application cz_user started on node nonode@nohost
2021-07-03 11:51:57.300 [info] <0.44.0> Application logger started on node nonode@nohost
2021-07-03 11:51:57.308 [info] <0.44.0> Application runtime_tools started on node nonode@nohost
2021-07-03 11:51:57.308 [info] <0.44.0> Application xmerl started on node nonode@nohost
2021-07-03 11:51:57.327 [info] <0.44.0> Application sasl started on node nonode@nohost
2021-07-03 11:51:57.327 [info] <0.44.0> Application tools started on node nonode@nohost
2021-07-03 11:51:57.327 [info] <0.44.0> Application jsx started on node nonode@nohost
2021-07-03 11:51:57.327 [info] <0.44.0> Application recon started on node nonode@nohost
2021-07-03 11:51:57.390 [info] <0.44.0> Application credentials_obfuscation started on node nonode@nohost
2021-07-03 11:51:57.390 [info] <0.44.0> Application rabbit_common started on node nonode@nohost
2021-07-03 11:51:57.401 [info] <0.44.0> Application amqp_client started on node nonode@nohost
2021-07-03 11:51:57.407 [info] <0.44.0> Application amqp started on node nonode@nohost
2021-07-03 11:51:57.408 [info] <0.44.0> Application decimal started on node nonode@nohost
2021-07-03 11:51:57.414 [info] <0.44.0> Application ecto started on node nonode@nohost
2021-07-03 11:51:57.416 [info] <0.44.0> Application phoenix_ecto started on node nonode@nohost
2021-07-03 11:51:57.416 [info] <0.44.0> Application connection started on node nonode@nohost
2021-07-03 11:51:57.430 [info] <0.44.0> Application db_connection started on node nonode@nohost
2021-07-03 11:51:57.435 [info] <0.44.0> Application ecto_sql started on node nonode@nohost
2021-07-03 11:51:57.453 [info] <0.44.0> Application postgrex started on node nonode@nohost
2021-07-03 11:51:57.454 [info] <0.44.0> Application phoenix_html started on node nonode@nohost
2021-07-03 11:51:57.456 [info] <0.44.0> Application phoenix_live_view started on node nonode@nohost
2021-07-03 11:51:57.456 [info] <0.44.0> Application telemetry_metrics started on node nonode@nohost
2021-07-03 11:51:57.464 [info] <0.44.0> Application phoenix_live_dashboard started on node nonode@nohost
2021-07-03 11:51:57.480 [info] <0.44.0> Application telemetry_poller started on node nonode@nohost
2021-07-03 11:51:57.480 [info] <0.44.0> Application jason started on node nonode@nohost
2021-07-03 11:51:57.481 [info] <0.44.0> Application cowlib started on node nonode@nohost
2021-07-03 11:51:57.501 [info] <0.44.0> Application ranch started on node nonode@nohost
2021-07-03 11:51:57.513 [info] <0.44.0> Application cowboy started on node nonode@nohost
2021-07-03 11:51:57.513 [info] <0.44.0> Application cowboy_telemetry started on node nonode@nohost
2021-07-03 11:51:57.515 [info] <0.44.0> Application plug_cowboy started on node nonode@nohost
2021-07-03 11:51:57.516 [info] <0.44.0> Application json started on node nonode@nohost
2021-07-03 11:51:57.629 [info] <0.44.0> Application cz_user started on node nonode@nohost
