2021-07-03 10:36:49 =ERROR REPORT====
Error in process <0.8236.0> with exit value:
{#{'__exception__' => true,'__struct__' => 'Elixir.Mix.Error',message => <<"Application configuration returned from application/0 should be a keyword list">>,mix => true},[{'Elixir.Mix',raise,1,[{file,"lib/mix.ex"},{line,436}]},{'Elixir.Mix.Tasks.Compile.App',merge_project_application,2,[{file,"lib/mix/tasks/compile.app.ex"},{line,223}]},{'Elixir.Mix.Tasks.Compile.App',run,1,[{file,"lib/mix/tasks/compile.app.ex"},{line,156}]},{'Elixir.Mix.Task',run_task,3,[{file,"lib/mix/task.ex"},{line,394}]},{'Elixir.Mix.Tasks.Compile.All',run_compiler,2,[{file,"lib/mix/tasks/compile.all.ex"},{line,90}]},{'Elixir.Mix.Tasks.Compile.All',compile,4,[{file,"lib/mix/tasks/compile.all.ex"},{line,70}]},{'Elixir.Mix.Tasks.Compile.All',with_logger_app,2,[{file,"lib/mix/tasks/compile.all.ex"},{line,57}]},{'Elixir.Mix.Tasks.Compile.All',run,1,[{file,"lib/mix/tasks/compile.all.ex"},{line,35}]}]}
2021-07-03 10:37:15 =SUPERVISOR REPORT====
     Supervisor: {local,'Elixir.CzUser.Repo'}
     Context:    start_error
     Reason:     {noproc,{'Elixir.GenServer',call,['Elixir.DBConnection.Watcher',{watch,'Elixir.DBConnection.ConnectionPool.Supervisor',{'Elixir.DBConnection.ConnectionPool.Pool',{<0.441.0>,#Ref<0.2983352941.4165337091.23040>,'Elixir.Postgrex.Protocol',[{types,'Elixir.Postgrex.DefaultTypes'},{port,5432},{repo,'Elixir.CzUser.Repo'},{telemetry_prefix,[cz_user,repo]},{otp_app,cz_user},{timeout,15000},{username,<<"postgres">>},{password,<<"postgres">>},{database,<<"cz_user_dev">>},{hostname,<<"localhost">>},{show_sensitive_data_on_connection_error,true},{pool_size,10},{pool,'Elixir.DBConnection.ConnectionPool'}]}}},infinity]}}
     Offender:   [{pid,undefined},{id,'Elixir.DBConnection.ConnectionPool'},{mfargs,{'Elixir.Ecto.Repo.Supervisor',start_child,[{'Elixir.DBConnection.ConnectionPool',start_link,[{'Elixir.Postgrex.Protocol',[{types,'Elixir.Postgrex.DefaultTypes'},{port,5432},{repo,'Elixir.CzUser.Repo'},{telemetry_prefix,[cz_user,repo]},{otp_app,cz_user},{timeout,15000},{username,<<"postgres">>},{password,<<"postgres">>},{database,<<"cz_user_dev">>},{hostname,<<"localhost">>},{show_sensitive_data_on_connection_error,true},{pool_size,10},{pool,'Elixir.DBConnection.ConnectionPool'}]}]},'Elixir.CzUser.Repo','Elixir.Ecto.Adapters.Postgres',#{cache => #Ref<0.2983352941.4165337091.23039>,opts => [{timeout,15000},{pool_size,10},{pool,'Elixir.DBConnection.ConnectionPool'}],repo => 'Elixir.CzUser.Repo',sql => 'Elixir.Ecto.Adapters.Postgres.Connection',telemetry => {'Elixir.CzUser.Repo',debug,[cz_user,repo,query]}}]}},{restart_type,permanent},{shutdown,5000},{child_type,worker}]

2021-07-03 10:37:15 =SUPERVISOR REPORT====
     Supervisor: {local,'Elixir.CzUser.Supervisor'}
     Context:    start_error
     Reason:     {shutdown,{failed_to_start_child,'Elixir.DBConnection.ConnectionPool',{noproc,{'Elixir.GenServer',call,['Elixir.DBConnection.Watcher',{watch,'Elixir.DBConnection.ConnectionPool.Supervisor',{'Elixir.DBConnection.ConnectionPool.Pool',{<0.441.0>,#Ref<0.2983352941.4165337091.23040>,'Elixir.Postgrex.Protocol',[{types,'Elixir.Postgrex.DefaultTypes'},{port,5432},{repo,'Elixir.CzUser.Repo'},{telemetry_prefix,[cz_user,repo]},{otp_app,cz_user},{timeout,15000},{username,<<"postgres">>},{password,<<"postgres">>},{database,<<"cz_user_dev">>},{hostname,<<"localhost">>},{show_sensitive_data_on_connection_error,true},{pool_size,10},{pool,'Elixir.DBConnection.ConnectionPool'}]}}},infinity]}}}}
     Offender:   [{pid,undefined},{id,'Elixir.CzUser.Repo'},{mfargs,{'Elixir.CzUser.Repo',start_link,[[]]}},{restart_type,permanent},{shutdown,infinity},{child_type,supervisor}]

2021-07-03 10:37:15 =CRASH REPORT====
  crasher:
    initial call: application_master:init/4
    pid: <0.437.0>
    registered_name: []
    exception exit: {{{shutdown,{failed_to_start_child,'Elixir.CzUser.Repo',{shutdown,{failed_to_start_child,'Elixir.DBConnection.ConnectionPool',{noproc,{'Elixir.GenServer',call,['Elixir.DBConnection.Watcher',{watch,'Elixir.DBConnection.ConnectionPool.Supervisor',{'Elixir.DBConnection.ConnectionPool.Pool',{<0.441.0>,#Ref<0.2983352941.4165337091.23040>,'Elixir.Postgrex.Protocol',[{types,'Elixir.Postgrex.DefaultTypes'},{port,5432},{repo,'Elixir.CzUser.Repo'},{telemetry_prefix,[cz_user,repo]},{otp_app,cz_user},{timeout,15000},{username,<<"postgres">>},{password,<<"postgres">>},{database,<<"cz_user_dev">>},{hostname,<<"localhost">>},{show_sensitive_data_on_connection_error,true},{pool_size,10},{pool,'Elixir.DBConnection.ConnectionPool'}]}}},infinity]}}}}}},{'Elixir.CzUser.Application',start,[normal,[]]}},[{application_master,init,4,[{file,"application_master.erl"},{line,138}]},{proc_lib,init_p_do_apply,3,[{file,"proc_lib.erl"},{line,226}]}]}
    ancestors: [<0.436.0>]
    message_queue_len: 1
    messages: [{'EXIT',<0.438.0>,normal}]
    links: [<0.436.0>,<0.44.0>]
    dictionary: []
    trap_exit: true
    status: running
    heap_size: 610
    stack_size: 28
    reductions: 207
  neighbours:
2021-07-03 11:31:21 =ERROR REPORT====
Error in process <0.16062.0> with exit value:
{function_clause,[{'Elixir.ElixirLS.LanguageServer.Providers.DocumentSymbols',build_symbol_information_hierarchical,[<<"file:///home/emoura/Workspace/covid-zone/cz_user_tests/cz_user/config/config.exs">>,nil],[{file,"lib/language_server/providers/document_symbols.ex"},{line,285}]},{'Elixir.Enum','-map/2-lists^map/1-0-',2,[{file,"lib/enum.ex"},{line,1411}]},{'Elixir.Enum','-map/2-lists^map/1-0-',2,[{file,"lib/enum.ex"},{line,1411}]},{'Elixir.ElixirLS.LanguageServer.Providers.DocumentSymbols',symbols,3,[{file,"lib/language_server/providers/document_symbols.ex"},{line,28}]},{'Elixir.ElixirLS.LanguageServer.Server','-handle_request_async/2-fun-0-',3,[{file,"lib/language_server/server.ex"},{line,770}]}]}
2021-07-03 11:31:35 =ERROR REPORT====
Error in process <0.16068.0> with exit value:
{function_clause,[{'Elixir.ElixirLS.LanguageServer.Providers.DocumentSymbols',build_symbol_information_hierarchical,[<<"file:///home/emoura/Workspace/covid-zone/cz_user_tests/cz_user/config/config.exs">>,nil],[{file,"lib/language_server/providers/document_symbols.ex"},{line,285}]},{'Elixir.Enum','-map/2-lists^map/1-0-',2,[{file,"lib/enum.ex"},{line,1411}]},{'Elixir.Enum','-map/2-lists^map/1-0-',2,[{file,"lib/enum.ex"},{line,1411}]},{'Elixir.ElixirLS.LanguageServer.Providers.DocumentSymbols',symbols,3,[{file,"lib/language_server/providers/document_symbols.ex"},{line,28}]},{'Elixir.ElixirLS.LanguageServer.Server','-handle_request_async/2-fun-0-',3,[{file,"lib/language_server/server.ex"},{line,770}]}]}
2021-07-03 11:31:59 =ERROR REPORT====
Error in process <0.16076.0> with exit value:
{function_clause,[{'Elixir.ElixirLS.LanguageServer.Providers.DocumentSymbols',build_symbol_information_hierarchical,[<<"file:///home/emoura/Workspace/covid-zone/cz_user_tests/cz_user/config/config.exs">>,nil],[{file,"lib/language_server/providers/document_symbols.ex"},{line,285}]},{'Elixir.Enum','-map/2-lists^map/1-0-',2,[{file,"lib/enum.ex"},{line,1411}]},{'Elixir.Enum','-map/2-lists^map/1-0-',2,[{file,"lib/enum.ex"},{line,1411}]},{'Elixir.ElixirLS.LanguageServer.Providers.DocumentSymbols',symbols,3,[{file,"lib/language_server/providers/document_symbols.ex"},{line,28}]},{'Elixir.ElixirLS.LanguageServer.Server','-handle_request_async/2-fun-0-',3,[{file,"lib/language_server/server.ex"},{line,770}]}]}
2021-07-03 11:32:00 =ERROR REPORT====
Error in process <0.16080.0> with exit value:
{function_clause,[{'Elixir.ElixirLS.LanguageServer.Providers.DocumentSymbols',build_symbol_information_hierarchical,[<<"file:///home/emoura/Workspace/covid-zone/cz_user_tests/cz_user/config/config.exs">>,nil],[{file,"lib/language_server/providers/document_symbols.ex"},{line,285}]},{'Elixir.Enum','-map/2-lists^map/1-0-',2,[{file,"lib/enum.ex"},{line,1411}]},{'Elixir.Enum','-map/2-lists^map/1-0-',2,[{file,"lib/enum.ex"},{line,1411}]},{'Elixir.ElixirLS.LanguageServer.Providers.DocumentSymbols',symbols,3,[{file,"lib/language_server/providers/document_symbols.ex"},{line,28}]},{'Elixir.ElixirLS.LanguageServer.Server','-handle_request_async/2-fun-0-',3,[{file,"lib/language_server/server.ex"},{line,770}]}]}
2021-07-03 11:32:05 =ERROR REPORT====
Error in process <0.16090.0> with exit value:
{function_clause,[{'Elixir.ElixirLS.LanguageServer.Providers.DocumentSymbols',build_symbol_information_hierarchical,[<<"file:///home/emoura/Workspace/covid-zone/cz_user_tests/cz_user/config/config.exs">>,nil],[{file,"lib/language_server/providers/document_symbols.ex"},{line,285}]},{'Elixir.Enum','-map/2-lists^map/1-0-',2,[{file,"lib/enum.ex"},{line,1411}]},{'Elixir.Enum','-map/2-lists^map/1-0-',2,[{file,"lib/enum.ex"},{line,1411}]},{'Elixir.ElixirLS.LanguageServer.Providers.DocumentSymbols',symbols,3,[{file,"lib/language_server/providers/document_symbols.ex"},{line,28}]},{'Elixir.ElixirLS.LanguageServer.Server','-handle_request_async/2-fun-0-',3,[{file,"lib/language_server/server.ex"},{line,770}]}]}
2021-07-03 11:32:06 =ERROR REPORT====
Error in process <0.16094.0> with exit value:
{function_clause,[{'Elixir.ElixirLS.LanguageServer.Providers.DocumentSymbols',build_symbol_information_hierarchical,[<<"file:///home/emoura/Workspace/covid-zone/cz_user_tests/cz_user/config/config.exs">>,nil],[{file,"lib/language_server/providers/document_symbols.ex"},{line,285}]},{'Elixir.Enum','-map/2-lists^map/1-0-',2,[{file,"lib/enum.ex"},{line,1411}]},{'Elixir.Enum','-map/2-lists^map/1-0-',2,[{file,"lib/enum.ex"},{line,1411}]},{'Elixir.ElixirLS.LanguageServer.Providers.DocumentSymbols',symbols,3,[{file,"lib/language_server/providers/document_symbols.ex"},{line,28}]},{'Elixir.ElixirLS.LanguageServer.Server','-handle_request_async/2-fun-0-',3,[{file,"lib/language_server/server.ex"},{line,770}]}]}
2021-07-03 11:32:07 =ERROR REPORT====
Error in process <0.16099.0> with exit value:
{function_clause,[{'Elixir.ElixirLS.LanguageServer.Providers.DocumentSymbols',build_symbol_information_hierarchical,[<<"file:///home/emoura/Workspace/covid-zone/cz_user_tests/cz_user/config/config.exs">>,nil],[{file,"lib/language_server/providers/document_symbols.ex"},{line,285}]},{'Elixir.Enum','-map/2-lists^map/1-0-',2,[{file,"lib/enum.ex"},{line,1411}]},{'Elixir.Enum','-map/2-lists^map/1-0-',2,[{file,"lib/enum.ex"},{line,1411}]},{'Elixir.ElixirLS.LanguageServer.Providers.DocumentSymbols',symbols,3,[{file,"lib/language_server/providers/document_symbols.ex"},{line,28}]},{'Elixir.ElixirLS.LanguageServer.Server','-handle_request_async/2-fun-0-',3,[{file,"lib/language_server/server.ex"},{line,770}]}]}
2021-07-03 11:32:27 =ERROR REPORT====
Error in process <0.16121.0> with exit value:
{function_clause,[{'Elixir.Config',config,[cz_user,'Elixir.CzUser.Repo'],[{file,"lib/config.ex"},{line,119}]},{erl_eval,do_apply,6,[{file,"erl_eval.erl"},{line,680}]},{elixir,recur_eval,3,[{file,"src/elixir.erl"},{line,280}]},{elixir,eval_forms,3,[{file,"src/elixir.erl"},{line,265}]},{'Elixir.Code',eval_string_with_error_handling,3,[{file,"lib/code.ex"},{line,341}]},{'Elixir.Config','__eval__!',3,[{file,"lib/config.ex"},{line,255}]},{'Elixir.Mix.Tasks.Loadconfig',load_compile,1,[{file,"lib/mix/tasks/loadconfig.ex"},{line,49}]},{'Elixir.Mix.Task',run_task,3,[{file,"lib/mix/task.ex"},{line,394}]}]}
2021-07-03 11:37:15 =ERROR REPORT====
Error in process <0.16829.0> with exit value:
{#{'__exception__' => true,'__struct__' => 'Elixir.SyntaxError',column => 2,description => <<"syntax error before: migration_foreign_key">>,file => <<"/home/emoura/Workspace/covid-zone/cz_user_tests/cz_user/config/config.exs">>,line => 15},[{'Elixir.Code',eval_string_with_error_handling,3,[{file,"lib/code.ex"},{line,340}]},{'Elixir.Config','__eval__!',3,[{file,"lib/config.ex"},{line,255}]},{'Elixir.Mix.Tasks.Loadconfig',load_compile,1,[{file,"lib/mix/tasks/loadconfig.ex"},{line,49}]},{'Elixir.Mix.Task',run_task,3,[{file,"lib/mix/task.ex"},{line,394}]},{'Elixir.ElixirLS.LanguageServer.Build',reload_project,0,[{file,"lib/language_server/build.ex"},{line,157}]},{'Elixir.ElixirLS.LanguageServer.Build','-build/3-fun-0-',3,[{file,"lib/language_server/build.ex"},{line,16}]},{timer,tc,1,[{file,"timer.erl"},{line,166}]}]}
